<?xml version="1.0" encoding="UTF-8" ?>
<testsuite tests="12" failures="0" name="com.ullink.slack.simpleslackapi.impl.TestAbstractSlackSessionImpl" time="0.042" errors="0" skipped="0">
  <properties>
[...]
</properties>
  <testcase classname="com.ullink.slack.simpleslackapi.impl.TestAbstractSlackSessionImpl" name="testFindUserByUserName_ExistingBot" time="0.039"/>
  <testcase classname="com.ullink.slack.simpleslackapi.impl.TestAbstractSlackSessionImpl" name="testFindChannelById_MissingChannel" time="0"/>
  <testcase classname="com.ullink.slack.simpleslackapi.impl.TestAbstractSlackSessionImpl" name="testFindUserByUserName_MissingBot" time="0"/>
  <testcase classname="com.ullink.slack.simpleslackapi.impl.TestAbstractSlackSessionImpl" name="testRemoveConnectedListener" time="0.001"/>
  <testcase classname="com.ullink.slack.simpleslackapi.impl.TestAbstractSlackSessionImpl" name="testFindChannelByName_MissingChannel" time="0"/>
  <testcase classname="com.ullink.slack.simpleslackapi.impl.TestAbstractSlackSessionImpl" name="testFindUserById_MissingBot" time="0"/>
  <testcase classname="com.ullink.slack.simpleslackapi.impl.TestAbstractSlackSessionImpl" name="testFindBotById_MissingBot" time="0"/>
  <testcase classname="com.ullink.slack.simpleslackapi.impl.TestAbstractSlackSessionImpl" name="testFindUserById_ExistingBot" time="0.001"/>
  <testcase classname="com.ullink.slack.simpleslackapi.impl.TestAbstractSlackSessionImpl" name="testAddConnectedListener" time="0"/>
  <testcase classname="com.ullink.slack.simpleslackapi.impl.TestAbstractSlackSessionImpl" name="testFindBotById_ExistingBot" time="0.001"/>
  <testcase classname="com.ullink.slack.simpleslackapi.impl.TestAbstractSlackSessionImpl" name="testFindChannelByName_ExistingChannel" time="0"/>
  <testcase classname="com.ullink.slack.simpleslackapi.impl.TestAbstractSlackSessionImpl" name="testFindChannelById_ExistingChannel" time="0"/>
</testsuite>